255 255 255
255 255 255
255 255 255
255 255 255
255 255 255
255 255 255
255 255 255
255 255 255
255 255 255
255 255 255
255 255 255
255 255 255
255 255 255
253 254 254
255 251 253
255 250 251
241 227 201
233 195 151
241 221 193
240 169 109
241 215 189
239 201 164
246 222 197
228 206 195
233 218 208
255 253 250
255 254 254
255 255 255
255 255 255
255 255 255
255 255 255
255 255 255
255 255 255
255 255 255
255 255 255
255 255 255
255 255 255
255 255 255
255 255 255
255 255 255
255 255 255
255 255 255
255 255 255
255 255 255
255 255 255
255 255 255
255 255 255
255 255 255
255 255 255
255 255 255
255 255 255
255 254 254
253 242 242
238 160 151
240 163 158
238 182 154
236 183 131
237 198 157
241 188 139
242 172 110
236 193 145
243 157 81
232 175 118
181 135 101
197 142 109
227 180 132
241 218 197
247 234 224
253 247 242
254 254 254
255 255 255
255 255 255
255 255 255
255 255 255
255 255 255
255 255 255
255 255 255
255 255 255
255 255 255
255 255 255
255 255 255
255 255 255
255 255 255
255 255 255
255 255 255
255 255 255
255 255 255
255 255 255
255 255 255
254 253 249
241 216 198
243 216 193
233 172 150
250 89 76
236 127 113
236 173 126
245 156 83
236 193 151
239 178 120
237 176 124
241 186 145
238 186 142
239 188 138
234 174 129
228 192 159
225 159 94
226 186 131
217 158 90
230 194 155
243 216 202
254 252 249
255 255 255
255 255 255
255 255 255
255 255 255
255 255 255
255 255 255
255 255 255
255 255 255
255 255 255
255 255 255
255 255 255
255 255 255
255 255 255
255 255 255
255 255 255
255 255 255
255 254 255
250 242 235
243 217 190
230 157 88
221 167 108
206 174 146
223 121 79
230 170 131
219 201 156
224 194 135
242 195 152
238 165 104
243 187 133
243 129 103
237 104 99
239 177 140
235 166 96
238 190 140
230 186 137
215 174 139
231 189 143
233 199 156
220 161 101
225 201 154
238 233 207
254 254 254
255 255 255
255 255 255
255 255 255
255 255 255
255 255 255
255 255 255
255 255 255
255 255 255
255 255 255
255 255 255
255 255 255
255 255 255
255 255 255
255 254 254
255 251 247
243 180 134
237 170 111
231 179 132
231 188 141
222 190 154
228 185 145
230 186 134
176 213 167
117 192 114
228 192 140
240 177 116
239 192 155
241 137 127
240 107 95
244 185 159
233 196 145
233 189 148
234 183 137
223 161 96
220 162 97
236 198 164
234 195 145
182 171 84
185 180 97
252 248 233
254 254 251
255 255 255
255 255 255
255 255 255
255 255 255
255 255 255
255 255 255
255 255 255
255 255 255
255 255 255
255 255 255
255 255 255
255 255 255
250 230 219
235 170 113
239 185 133
238 177 124
231 182 132
221 178 143
228 156 90
229 183 130
227 160 95
207 201 152
174 201 139
183 181 102
213 200 141
238 194 151
238 177 125
240 146 130
243 177 137
240 157 92
232 187 141
233 191 143
228 184 133
228 177 125
232 178 128
218 169 103
191 196 133
197 195 115
184 176 92
214 204 145
253 254 251
255 255 255
255 255 255
255 255 255
255 255 255
255 255 255
255 255 255
255 255 255
255 255 255
255 255 255
255 255 255
237 235 222
229 200 146
240 160 88
243 174 114
237 177 115
237 176 124
239 189 137
232 177 123
238 200 167
226 178 128
228 188 149
210 178 103
179 169 77
190 187 102
233 194 145
237 165 105
243 173 124
232 169 94
240 189 140
229 165 107
220 162 100
233 199 155
225 162 108
232 196 156
225 202 148
125 190 119
153 190 100
178 171 75
197 180 105
239 209 174
253 251 247
255 255 255
255 255 255
255 255 255
255 255 255
255 255 255
255 255 255
255 255 255
255 255 255
246 243 230
209 196 144
213 203 138
235 195 148
232 173 135
237 177 145
236 179 124
236 174 113
230 177 128
218 161 96
229 189 138
225 170 105
203 187 120
198 193 105
192 203 142
213 205 146
237 197 159
242 175 114
237 159 96
237 163 140
235 173 134
225 176 121
234 198 156
236 190 145
228 178 126
221 177 120
196 215 155
187 209 162
195 191 114
237 216 175
239 173 119
249 234 228
255 254 254
255 255 255
255 255 255
255 255 255
255 255 255
255 255 255
255 255 255
254 254 253
209 209 169
180 171 67
199 193 124
229 181 125
240 160 94
237 176 110
240 158 86
241 187 140
232 178 119
222 174 128
216 164 128
230 163 111
217 205 150
184 167 74
192 190 123
179 167 89
238 202 159
242 170 123
241 183 144
241 161 111
236 189 153
221 171 108
225 174 119
226 160 92
233 187 141
235 201 156
184 172 84
198 192 114
201 187 109
230 169 97
240 173 118
227 171 130
249 236 224
252 254 252
255 255 255
255 255 255
255 255 255
255 255 255
254 254 254
191 222 191
144 200 121
204 200 141
202 196 133
213 196 129
232 190 135
233 182 132
238 196 152
238 179 132
236 160 83
220 177 138
201 157 121
203 189 132
177 171 79
209 216 159
180 212 139
212 206 152
237 194 158
240 168 113
239 168 120
235 162 94
238 195 152
218 189 149
213 191 157
215 163 126
221 176 139
222 212 165
189 194 126
208 206 150
204 199 137
240 182 125
238 183 132
235 187 128
238 203 168
252 248 241
255 255 255
255 255 255
255 255 255
255 255 255
246 246 235
174 208 146
142 199 123
197 195 124
208 198 133
180 172 72
198 181 105
236 183 128
239 169 104
243 181 132
235 143 110
230 177 141
222 167 110
231 190 144
197 204 146
185 213 166
151 204 116
183 189 113
209 190 113
230 162 87
239 169 112
235 184 132
235 170 106
209 187 162
161 158 133
204 179 158
206 190 171
154 194 142
150 201 137
155 205 126
176 210 143
232 194 158
238 165 101
240 168 100
231 177 111
249 231 215
255 255 255
255 255 255
255 255 255
254 254 254
221 216 169
199 193 119
193 195 124
179 171 70
189 184 102
199 190 112
199 193 110
219 193 135
232 163 82
240 175 122
239 119 97
236 165 123
226 156 86
221 179 129
132 195 129
161 208 143
183 214 149
181 203 146
207 205 147
239 179 126
239 179 134
239 182 123
238 171 103
215 192 171
198 191 170
168 158 134
182 188 156
163 206 130
177 218 162
167 206 135
203 207 137
228 178 112
241 195 148
237 174 143
242 187 148
233 183 132
254 252 249
255 255 255
255 255 255
252 249 241
181 178 90
185 188 112
197 206 146
194 187 111
210 202 134
188 177 94
194 188 109
207 192 128
239 189 139
238 185 136
238 161 88
235 177 125
216 186 144
205 181 153
178 192 150
192 214 168
155 200 123
193 197 122
183 171 82
226 196 147
241 138 120
240 177 150
238 179 135
193 183 155
191 174 161
200 181 158
201 197 154
182 201 132
182 202 137
206 187 134
241 158 98
240 189 136
238 167 107
235 162 112
237 179 126
237 183 127
251 242 237
255 255 255
254 254 253
247 236 222
219 191 128
215 192 134
175 177 83
205 198 131
207 199 146
198 207 160
139 197 122
195 200 143
239 131 109
242 149 132
240 177 124
238 190 141
189 183 169
187 182 160
186 179 155
183 141 107
173 202 140
181 186 104
180 169 69
223 198 157
239 108 91
241 155 131
238 208 176
226 165 129
225 184 142
217 173 119
210 196 138
201 194 128
193 185 112
235 190 127
238 161 86
235 191 142
240 168 101
244 188 143
233 191 142
233 198 160
237 224 207
255 255 254
254 253 252
227 183 134
227 158 92
231 201 151
203 187 111
207 197 120
181 174 78
197 210 153
137 194 120
203 196 144
235 116 96
239 129 110
236 183 132
227 182 152
182 171 155
183 177 149
197 185 168
196 170 138
198 204 151
196 199 125
201 187 111
227 203 150
239 172 134
234 181 134
241 195 155
222 170 129
230 183 151
229 172 115
205 205 162
190 196 124
201 190 119
223 187 150
243 181 155
240 140 116
235 168 105
240 175 129
223 157 88
232 175 126
229 196 153
254 252 251
254 251 248
233 194 152
236 179 129
236 188 149
231 182 133
209 189 124
179 172 79
202 197 126
187 184 97
202 193 123
229 192 148
239 194 155
230 174 137
224 165 121
219 195 170
218 199 173
215 204 186
163 155 130
189 172 132
196 191 106
178 177 93
222 191 129
237 158 90
236 178 117
231 195 166
227 172 137
226 175 129
226 156 89
214 189 131
190 182 94
196 190 108
235 134 123
241 101 78
239 171 127
236 192 137
233 195 149
233 178 129
237 202 167
229 181 127
254 250 246
251 241 229
225 173 123
231 182 132
227 183 132
222 168 112
233 185 134
230 202 150
203 199 135
178 171 77
184 183 97
227 207 162
223 170 134
234 187 155
231 179 147
227 182 140
213 200 174
171 166 137
198 189 168
186 180 130
175 173 67
224 175 145
238 162 138
233 166 96
238 177 129
234 186 150
228 181 149
222 185 149
224 197 168
205 193 155
183 194 124
197 181 108
221 172 120
240 162 128
241 193 152
233 171 111
221 167 99
226 190 155
232 183 137
218 158 100
249 241 233
246 239 232
230 183 130
228 168 107
234 202 169
234 191 139
227 177 125
232 180 125
210 195 127
198 200 136
188 208 153
193 209 152
230 185 151
232 151 127
235 173 135
223 158 87
223 194 176
193 184 161
198 164 135
200 193 140
215 198 133
242 191 170
241 135 124
208 187 126
221 209 165
227 174 136
229 179 153
208 181 159
161 155 133
188 202 157
182 215 149
178 208 140
235 180 121
236 160 82
239 199 155
231 190 137
235 192 159
228 178 121
234 195 161
208 159 115
249 243 237
244 230 220
231 187 129
230 177 128
222 177 116
223 158 89
232 200 151
225 173 113
226 170 115
188 209 153
169 209 148
152 199 130
199 200 148
238 182 139
230 176 116
241 189 143
177 175 147
194 178 166
195 186 150
232 197 140
237 180 126
242 168 138
238 111 92
225 202 152
158 198 118
211 206 160
238 175 144
229 159 135
197 182 159
167 200 134
177 215 151
189 212 158
235 182 139
243 171 99
235 183 136
226 183 127
219 169 111
226 173 113
207 160 138
179 116 72
216 193 171
248 235 227
214 173 138
216 171 122
229 180 138
231 191 146
223 168 105
230 192 143
210 176 127
165 199 141
173 215 157
171 206 134
210 200 143
236 182 132
238 180 126
235 175 131
226 188 171
226 187 164
210 180 163
236 169 111
233 163 94
232 190 138
200 178 100
187 185 113
214 226 183
216 197 149
234 160 91
237 184 136
228 182 130
211 212 168
168 218 158
186 202 161
232 191 152
230 167 98
232 179 125
228 174 120
233 185 143
226 189 152
199 163 133
206 163 131
245 233 223
244 235 228
175 120 77
195 135 95
229 187 146
228 179 135
221 182 140
215 196 178
206 173 150
199 187 162
180 205 152
172 182 107
208 180 124
237 181 135
246 157 83
235 178 137
235 173 145
229 158 114
234 176 146
242 178 126
212 207 158
191 190 111
197 196 125
199 191 108
183 177 94
224 191 128
241 157 93
237 179 117
227 173 116
222 200 160
157 198 136
208 191 143
230 162 123
239 184 148
237 188 139
223 170 110
214 167 118
227 178 126
236 201 170
217 167 110
244 229 214
249 241 235
218 181 150
222 176 130
227 187 140
222 177 124
216 201 174
160 157 133
205 201 181
189 181 160
209 216 171
206 206 144
223 176 112
234 183 132
233 185 142
234 195 165
234 190 162
229 182 151
233 191 153
232 185 139
183 208 152
182 186 100
202 199 136
186 182 113
196 166 111
218 169 136
238 170 148
238 181 146
226 182 133
227 187 133
170 204 147
218 204 164
228 180 142
237 165 102
238 167 100
221 183 145
207 151 110
225 162 98
229 187 142
229 186 134
246 235 214
250 238 226
235 162 102
235 187 134
234 167 108
237 196 159
228 188 160
209 182 153
190 176 156
164 153 129
190 202 168
186 209 152
229 191 155
231 174 139
232 188 161
220 164 130
234 196 165
228 187 162
230 194 169
178 167 143
180 170 127
181 166 77
184 177 82
222 214 159
181 131 100
184 128 81
241 147 132
242 96 88
229 174 124
226 200 160
184 213 159
209 195 160
229 169 125
236 167 109
233 165 102
218 187 154
199 146 107
229 179 126
236 199 164
226 185 131
242 230 212
253 244 236
239 176 114
239 197 152
235 166 89
239 187 142
223 163 121
226 181 147
195 173 148
176 171 149
203 205 179
159 196 123
217 193 151
229 163 125
237 187 165
240 184 170
226 185 149
227 201 181
167 155 135
200 194 173
187 183 124
197 188 113
198 206 152
170 184 114
231 203 172
228 191 159
229 168 124
243 146 122
229 168 116
215 195 147
148 199 123
226 199 164
236 176 151
242 134 111
239 158 131
236 184 147
232 185 133
226 171 120
232 185 137
213 163 105
250 235 219
254 253 250
241 185 141
242 180 135
235 185 168
234 168 112
238 187 144
234 193 151
218 174 127
227 190 151
214 163 149
233 165 141
223 198 142
236 174 114
243 136 116
242 163 142
228 178 142
230 183 138
222 194 161
164 157 137
202 189 128
198 207 145
166 212 153
135 196 126
162 197 131
228 174 125
237 183 131
235 161 93
238 178 115
210 210 169
167 207 141
223 197 152
236 167 153
240 121 101
238 177 135
233 196 151
231 186 137
213 171 139
234 190 148
231 201 164
253 249 244
255 254 254
250 234 215
237 167 106
241 193 141
238 183 133
246 198 153
242 192 140
225 164 111
221 162 99
242 127 110
243 96 84
242 203 176
234 173 115
236 192 165
226 163 120
214 185 158
226 183 133
234 184 134
208 190 146
199 196 131
179 211 155
177 213 151
126 192 122
147 188 119
231 194 137
232 193 134
234 160 91
236 180 129
184 208 148
145 195 118
196 205 159
236 170 126
240 189 145
242 159 83
240 180 124
214 162 100
226 179 126
225 158 90
237 208 179
254 254 254
254 253 251
249 236 220
235 165 101
236 179 121
241 195 155
237 173 117
234 165 100
237 186 130
237 188 136
240 171 125
238 175 143
237 170 102
240 189 139
229 202 162
222 164 128
230 191 146
229 190 147
223 162 99
219 188 132
190 202 126
164 199 147
160 201 122
163 209 143
178 199 137
226 174 117
217 161 97
238 204 163
234 192 160
211 189 143
169 205 139
229 191 140
239 161 84
242 185 137
241 173 108
237 200 155
226 183 126
234 187 140
228 172 122
246 231 215
255 255 255
255 255 255
254 251 248
240 155 134
237 175 129
236 164 103
245 191 136
239 175 112
240 186 127
240 176 125
239 162 86
240 191 136
239 163 89
210 193 143
118 183 111
203 215 175
197 176 140
217 161 103
236 191 141
196 195 125
182 170 85
197 219 173
159 203 131
171 213 146
207 186 131
234 195 155
220 181 127
220 173 137
222 175 130
224 157 120
196 185 127
216 199 138
234 174 114
236 193 140
239 164 86
239 191 144
225 175 108
227 188 145
228 199 160
255 255 255
255 255 255
255 255 255
254 254 254
239 194 179
241 186 145
239 181 117
232 176 123
240 183 129
237 164 109
240 199 151
244 201 155
228 167 104
237 179 134
225 206 166
146 199 132
154 202 128
180 199 135
224 162 104
228 179 134
228 196 145
184 211 155
157 215 150
161 198 126
185 214 163
175 197 147
162 158 130
197 182 155
225 176 144
238 164 142
237 192 153
208 197 132
148 193 130
217 188 124
242 177 118
239 166 97
242 200 154
235 177 116
236 185 132
246 227 209
255 255 255
255 255 255
255 255 255
255 255 255
253 251 245
236 185 143
244 159 91
243 196 158
240 175 112
240 203 160
234 163 90
233 184 136
234 194 141
232 186 147
217 201 150
171 193 123
187 204 136
196 209 159
224 174 133
233 201 155
229 180 127
177 203 146
155 197 123
182 187 107
198 190 168
202 189 160
178 165 138
223 191 154
231 195 162
241 183 140
237 159 91
220 188 122
130 191 123
181 189 111
232 182 129
244 194 147
237 192 134
241 163 90
238 173 116
254 253 252
255 255 255
255 255 255
255 255 255
255 255 255
255 255 255
249 235 221
235 186 130
238 191 136
240 160 91
239 184 132
239 173 106
236 199 154
225 160 90
232 178 131
193 182 112
202 192 124
188 178 94
180 171 83
230 187 135
230 180 127
226 158 84
216 185 124
202 195 126
193 185 107
230 200 159
229 188 150
233 191 143
228 159 88
232 196 152
237 170 114
235 182 115
227 196 139
192 191 120
183 176 96
218 214 147
239 168 108
238 165 106
238 190 140
249 235 216
255 254 254
255 255 255
255 255 255
255 255 255
255 255 255
255 255 255
254 253 252
237 198 164
241 175 131
242 184 150
235 188 143
233 185 130
228 188 152
207 165 115
234 197 155
215 191 123
192 185 106
194 186 112
185 178 96
219 190 138
228 186 126
228 184 133
190 180 96
193 179 101
220 195 142
226 186 142
223 159 98
233 181 130
221 168 114
237 177 151
242 153 115
233 167 110
232 185 125
192 186 110
213 216 167
138 186 128
224 185 109
235 180 130
251 240 226
254 254 254
255 255 255
255 255 255
255 255 255
255 255 255
255 255 255
255 255 255
255 255 255
254 253 252
239 162 145
247 97 83
234 181 156
231 187 146
231 177 125
224 189 154
219 166 108
197 183 102
176 168 70
200 211 156
149 198 134
195 184 116
205 185 110
227 185 127
174 173 83
176 171 85
227 184 129
232 195 154
231 179 123
202 166 132
188 132 92
239 136 119
237 112 92
241 198 173
213 175 129
175 171 67
192 188 104
179 193 120
191 185 118
253 248 241
255 255 255
255 255 255
255 255 255
255 255 255
255 255 255
255 255 255
255 255 255
255 255 255
255 255 255
254 254 253
247 218 206
237 161 143
238 185 153
235 194 142
233 182 125
230 198 158
228 187 134
222 201 149
206 197 129
187 203 146
152 198 133
184 198 124
217 198 134
216 170 109
216 183 145
197 163 103
196 159 128
226 167 117
227 161 94
227 197 156
220 164 115
241 160 106
241 175 124
237 167 108
233 184 139
210 192 128
220 196 146
181 174 78
238 233 213
255 255 255
255 255 255
255 255 255
255 255 255
255 255 255
255 255 255
255 255 255
255 255 255
255 255 255
255 255 255
255 255 255
255 255 255
254 253 253
234 195 157
229 182 129
224 163 92
228 179 133
232 190 146
218 188 129
201 190 127
174 169 71
205 205 149
177 179 98
180 169 80
232 203 153
189 144 113
181 113 69
219 161 107
228 184 138
235 198 152
223 169 114
232 189 128
242 164 98
239 187 133
243 183 138
234 182 125
238 175 116
229 168 98
248 241 224
254 253 251
255 255 255
255 255 255
255 255 255
255 255 255
255 255 255
255 255 255
255 255 255
255 255 255
255 255 255
255 255 255
255 255 255
255 255 255
255 255 255
254 251 248
248 238 226
225 176 124
233 191 142
228 192 147
218 163 101
223 194 142
192 188 102
194 188 115
198 191 124
207 198 135
214 188 139
228 202 171
218 174 134
228 181 130
229 185 131
224 160 89
240 185 137
241 179 135
239 171 147
236 166 107
236 198 154
241 161 84
242 190 142
243 223 192
254 254 253
255 255 255
255 255 255
255 255 255
255 255 255
255 255 255
255 255 255
255 255 255
255 255 255
255 255 255
255 255 255
255 255 255
255 255 255
255 255 255
255 255 255
255 255 255
254 254 254
250 243 236
230 196 154
226 176 120
228 193 141
208 193 119
204 194 129
194 187 112
195 214 168
160 210 154
194 199 146
226 169 108
228 187 141
224 162 100
230 192 147
221 172 117
238 204 162
237 187 128
233 173 120
244 178 155
241 161 132
238 193 145
248 232 216
255 255 255
255 255 255
255 255 255
255 255 255
255 255 255
255 255 255
255 255 255
255 255 255
255 255 255
255 255 255
255 255 255
255 255 255
255 255 255
255 255 255
255 255 255
255 255 255
255 255 255
255 255 255
255 255 255
253 251 250
251 243 231
242 225 199
184 180 118
189 184 107
182 182 102
145 198 138
96 187 104
185 192 133
230 173 116
236 190 144
229 174 120
221 187 154
211 154 104
240 163 106
238 186 135
238 166 102
239 168 137
241 179 168
254 254 254
255 255 255
255 255 255
255 255 255
255 255 255
255 255 255
255 255 255
255 255 255
255 255 255
255 255 255
255 255 255
255 255 255
255 255 255
255 255 255
255 255 255
255 255 255
255 255 255
255 255 255
255 255 255
255 255 255
255 255 255
255 255 255
255 255 255
254 254 254
253 251 248
236 235 214
230 230 201
213 236 210
170 211 155
197 191 132
222 162 98
230 179 125
224 162 87
230 196 160
234 208 181
241 203 167
247 228 209
253 249 242
254 254 254
255 254 253
255 255 255
255 255 255
255 255 255
255 255 255
255 255 255
255 255 255
255 255 255
255 255 255
255 255 255
255 255 255
255 255 255
255 255 255
255 255 255
255 255 255
255 255 255
255 255 255
255 255 255
255 255 255
255 255 255
255 255 255
255 255 255
255 255 255
255 255 255
255 255 255
255 255 255
255 255 255
255 255 255
255 255 255
254 254 254
251 250 243
249 240 232
249 241 234
242 228 208
253 251 247
255 255 254
255 255 254
255 255 255
255 255 255
255 255 255
255 255 255
255 255 255
255 255 255
255 255 255
255 255 255
255 255 255
255 255 255
255 255 255
255 255 255
255 255 255
255 255 255
255 255 255



image loaded, w: 40, y: 40, c: 255.
