100.00 -0.15 -0.01
100.00 -0.15 -0.01
100.00 -0.15 -0.01
100.00 -0.15 -0.01
100.00 -0.15 -0.01
100.00 -0.15 -0.01
100.00 -0.15 -0.01
100.00 -0.15 -0.01
100.00 -0.15 -0.01
100.00 -0.15 -0.01
100.00 -0.15 -0.01
100.00 -0.15 -0.01
100.00 -0.15 -0.01
99.82 -0.29 -0.06
99.54 0.59 -0.23
99.41 0.66 0.04
95.77 -0.12 6.86
90.96 2.33 14.16
94.97 0.66 7.83
87.24 6.89 23.34
94.20 1.80 7.81
92.11 2.89 11.88
95.31 1.53 7.28
92.71 2.51 3.97
94.51 1.40 3.19
99.73 -0.09 0.73
99.88 -0.00 0.04
100.00 -0.15 -0.01
100.00 -0.15 -0.01
100.00 -0.15 -0.01
100.00 -0.15 -0.01
100.00 -0.15 -0.01
100.00 -0.15 -0.01
100.00 -0.15 -0.01
100.00 -0.15 -0.01
100.00 -0.15 -0.01
100.00 -0.15 -0.01
100.00 -0.15 -0.01
100.00 -0.15 -0.01
100.00 -0.15 -0.01
100.00 -0.15 -0.01
100.00 -0.15 -0.01
100.00 -0.15 -0.01
100.00 -0.15 -0.01
100.00 -0.15 -0.01
100.00 -0.15 -0.01
100.00 -0.15 -0.01
100.00 -0.15 -0.01
100.00 -0.15 -0.01
100.00 -0.15 -0.01
100.00 -0.15 -0.01
99.88 -0.00 0.04
98.36 1.49 0.57
86.50 13.03 7.84
87.10 13.08 6.52
89.51 6.94 11.20
89.26 4.27 18.27
91.57 2.74 13.20
90.21 4.47 16.97
87.74 6.46 23.67
90.74 2.83 15.76
85.30 8.35 32.16
87.86 4.63 20.83
79.51 5.75 15.33
81.48 7.41 15.05
88.52 3.66 16.84
94.66 1.73 6.32
97.05 1.02 2.94
98.92 0.35 1.38
99.85 -0.15 -0.01
100.00 -0.15 -0.01
100.00 -0.15 -0.01
100.00 -0.15 -0.01
100.00 -0.15 -0.01
100.00 -0.15 -0.01
100.00 -0.15 -0.01
100.00 -0.15 -0.01
100.00 -0.15 -0.01
100.00 -0.15 -0.01
100.00 -0.15 -0.01
100.00 -0.15 -0.01
100.00 -0.15 -0.01
100.00 -0.15 -0.01
100.00 -0.15 -0.01
100.00 -0.15 -0.01
100.00 -0.15 -0.01
100.00 -0.15 -0.01
100.00 -0.15 -0.01
100.00 -0.15 -0.01
99.68 -0.31 0.89
94.43 2.31 5.72
94.44 2.20 7.08
87.93 8.58 10.17
74.80 33.31 20.36
81.02 19.90 13.13
87.86 6.62 18.02
85.27 9.19 31.26
90.82 3.36 13.98
88.57 5.17 21.14
88.27 5.76 19.31
90.03 5.54 14.78
89.87 4.78 15.51
90.12 4.04 17.16
87.95 6.27 17.11
90.49 3.01 11.01
85.01 5.79 26.09
89.26 1.75 18.22
84.46 4.23 26.96
90.77 2.45 12.64
94.55 2.95 4.86
99.58 -0.09 0.73
100.00 -0.15 -0.01
100.00 -0.15 -0.01
100.00 -0.15 -0.01
100.00 -0.15 -0.01
100.00 -0.15 -0.01
100.00 -0.15 -0.01
100.00 -0.15 -0.01
100.00 -0.15 -0.01
100.00 -0.15 -0.01
100.00 -0.15 -0.01
100.00 -0.15 -0.01
100.00 -0.15 -0.01
100.00 -0.15 -0.01
100.00 -0.15 -0.01
100.00 -0.15 -0.01
100.00 -0.15 -0.01
99.89 0.07 -0.17
98.18 0.49 1.94
94.53 1.71 8.01
84.85 6.71 28.42
86.17 4.05 22.12
87.05 2.98 10.04
78.91 16.41 24.33
87.27 6.92 15.45
91.26 -1.14 12.97
90.28 -0.37 18.29
91.31 3.91 14.40
86.54 7.25 24.28
90.08 4.53 18.78
81.49 19.46 17.73
77.12 27.22 13.19
88.70 7.26 14.51
86.44 5.68 27.29
90.37 3.52 16.85
89.50 2.98 16.57
87.32 3.91 12.75
90.01 2.88 15.34
91.53 1.73 13.43
85.18 4.96 23.47
91.46 -0.30 13.90
96.43 -1.51 6.26
99.85 -0.15 -0.01
100.00 -0.15 -0.01
100.00 -0.15 -0.01
100.00 -0.15 -0.01
100.00 -0.15 -0.01
100.00 -0.15 -0.01
100.00 -0.15 -0.01
100.00 -0.15 -0.01
100.00 -0.15 -0.01
100.00 -0.15 -0.01
100.00 -0.15 -0.01
100.00 -0.15 -0.01
100.00 -0.15 -0.01
100.00 -0.15 -0.01
99.88 -0.00 0.04
99.48 0.13 1.05
89.18 6.55 17.19
87.28 6.27 22.63
88.54 4.62 16.90
89.85 2.97 15.76
89.93 2.08 11.72
89.39 3.64 13.81
89.46 2.71 17.51
91.30 -10.77 9.52
85.42 -23.37 18.18
90.24 1.30 16.62
88.42 5.26 22.38
90.86 4.47 12.81
82.98 18.64 10.82
77.71 26.18 15.71
90.20 7.53 10.68
91.01 1.54 16.12
90.15 3.67 13.96
89.26 4.48 16.26
85.23 5.02 25.57
85.26 4.27 25.18
91.62 3.19 11.17
90.92 1.97 16.00
84.75 -6.99 29.65
86.33 -7.52 26.40
98.89 -0.73 3.46
99.82 -0.38 0.62
100.00 -0.15 -0.01
100.00 -0.15 -0.01
100.00 -0.15 -0.01
100.00 -0.15 -0.01
100.00 -0.15 -0.01
100.00 -0.15 -0.01
100.00 -0.15 -0.01
100.00 -0.15 -0.01
100.00 -0.15 -0.01
100.00 -0.15 -0.01
100.00 -0.15 -0.01
100.00 -0.15 -0.01
96.64 2.02 3.58
87.23 6.11 21.80
89.66 4.41 18.18
88.45 5.65 19.56
88.94 3.79 17.46
88.16 4.20 12.67
84.64 6.85 27.29
88.97 2.99 18.17
85.25 5.94 26.02
90.75 -3.59 13.42
89.31 -10.91 15.33
86.46 -7.67 24.58
90.71 -3.30 16.87
91.02 3.43 14.28
88.46 5.74 19.23
84.30 15.81 11.65
88.82 7.65 15.69
85.33 8.86 27.46
89.76 3.41 15.64
90.34 2.68 15.82
89.10 2.82 17.33
88.06 4.02 18.61
88.40 4.71 18.06
86.25 2.44 24.14
89.23 -7.00 17.30
89.10 -7.39 23.41
85.66 -7.14 27.51
91.31 -3.78 16.44
99.78 -0.52 0.57
100.00 -0.15 -0.01
100.00 -0.15 -0.01
100.00 -0.15 -0.01
100.00 -0.15 -0.01
100.00 -0.15 -0.01
100.00 -0.15 -0.01
100.00 -0.15 -0.01
100.00 -0.15 -0.01
100.00 -0.15 -0.01
100.00 -0.15 -0.01
96.80 -0.90 3.02
91.38 -0.09 16.30
85.70 7.58 29.63
88.11 6.43 22.70
88.29 4.65 22.54
88.27 5.76 19.31
90.24 3.69 17.65
88.19 4.53 19.52
91.98 3.25 10.81
88.16 3.68 17.69
89.84 3.19 13.18
87.17 -1.58 25.34
84.23 -7.80 32.05
87.57 -7.92 26.14
90.75 2.06 15.76
86.51 7.17 23.85
88.11 7.62 19.12
86.70 4.09 28.44
90.31 4.12 16.79
86.21 5.96 22.61
85.31 4.57 24.04
91.52 1.64 13.72
85.63 6.24 21.41
91.11 2.35 12.83
91.51 -1.10 15.83
85.54 -20.45 16.59
86.44 -16.46 25.14
84.45 -8.79 33.24
86.94 -4.37 24.17
93.22 1.71 10.56
99.41 -0.17 0.94
100.00 -0.15 -0.01
100.00 -0.15 -0.01
100.00 -0.15 -0.01
100.00 -0.15 -0.01
100.00 -0.15 -0.01
100.00 -0.15 -0.01
100.00 -0.15 -0.01
100.00 -0.15 -0.01
98.10 -0.73 3.01
90.08 -2.68 15.00
91.05 -4.34 18.32
91.00 2.40 15.16
87.82 6.76 14.88
88.69 7.37 12.87
88.63 4.75 19.81
87.81 5.14 22.62
88.18 4.65 17.75
85.02 4.11 25.24
89.86 2.09 16.75
86.71 3.61 24.04
88.34 -3.67 20.61
88.74 -7.67 26.64
90.31 -7.74 15.86
91.41 -4.11 16.26
91.47 3.17 12.45
88.20 5.98 22.82
85.54 8.11 26.08
86.72 10.98 11.70
87.93 7.18 15.38
87.75 3.41 19.57
91.44 2.16 13.31
90.36 3.63 15.21
88.21 3.84 18.47
87.71 2.33 19.84
92.15 -8.76 14.41
91.14 -8.24 10.83
88.47 -6.82 22.90
94.01 -0.27 11.39
87.88 6.49 20.55
97.17 1.64 2.14
99.88 -0.00 0.04
100.00 -0.15 -0.01
100.00 -0.15 -0.01
100.00 -0.15 -0.01
100.00 -0.15 -0.01
100.00 -0.15 -0.01
100.00 -0.15 -0.01
99.84 -0.22 0.20
92.06 -3.71 10.19
84.41 -9.25 37.00
89.03 -5.61 20.14
88.64 3.08 19.42
85.78 8.15 27.25
88.08 4.47 24.11
85.38 7.99 30.07
90.09 4.82 16.48
88.27 3.88 21.05
87.45 4.11 16.69
85.82 5.95 14.35
86.03 7.11 20.85
91.61 -3.05 15.31
84.11 -6.52 33.31
88.34 -6.22 19.49
84.11 -5.93 26.63
92.13 2.04 13.40
87.65 8.22 18.82
89.63 6.27 14.53
86.20 9.60 21.17
90.33 4.61 12.67
86.72 2.89 22.89
87.45 3.79 19.87
85.16 5.47 27.13
89.80 3.58 15.70
91.86 1.54 13.91
84.98 -6.87 29.97
88.73 -6.52 23.27
88.11 -5.12 24.29
86.66 4.02 27.16
87.91 6.57 20.95
87.28 6.02 15.78
97.35 0.86 3.37
99.76 -0.59 0.31
100.00 -0.15 -0.01
100.00 -0.15 -0.01
100.00 -0.15 -0.01
100.00 -0.15 -0.01
99.85 -0.15 -0.01
93.27 -8.01 5.69
87.74 -18.60 19.06
90.37 -4.89 16.34
89.66 -4.98 17.97
90.04 -3.38 19.90
90.07 2.06 18.04
89.02 4.13 17.58
91.29 2.99 14.34
88.82 5.81 17.33
85.46 6.40 31.44
87.92 3.84 13.95
84.08 4.65 14.28
88.77 -3.04 17.05
84.46 -8.56 31.44
92.80 -6.35 14.20
90.96 -12.51 17.69
91.58 -3.99 14.61
91.07 3.88 12.20
87.16 7.55 21.74
87.21 8.02 19.26
85.85 6.67 27.31
91.16 3.25 14.16
89.58 1.21 12.76
89.75 0.55 10.50
85.61 5.88 14.75
87.84 4.39 13.51
92.86 -2.61 12.56
88.80 -7.55 19.06
91.40 -4.87 14.96
90.18 -5.01 17.38
89.20 4.68 20.27
89.35 4.70 18.07
89.70 2.74 19.91
92.37 2.56 11.07
98.98 -0.11 1.70
100.00 -0.15 -0.01
100.00 -0.15 -0.01
100.00 -0.15 -0.01
100.00 -0.15 -0.01
98.50 -1.02 2.38
90.31 -11.97 14.50
87.55 -18.56 18.08
89.22 -6.51 20.39
90.16 -4.42 18.69
84.63 -8.99 34.90
87.12 -4.46 24.42
89.22 4.00 19.24
87.13 6.26 25.09
89.28 6.09 18.01
83.35 14.07 17.54
88.36 5.84 13.65
86.24 4.42 21.47
90.15 2.70 15.22
90.68 -6.70 15.14
91.62 -9.21 10.33
88.49 -18.67 21.93
87.71 -8.69 22.14
88.88 -4.05 23.92
85.54 5.11 29.78
87.24 7.00 22.22
89.36 3.92 18.07
87.13 5.46 24.30
89.14 1.39 8.08
82.65 -2.19 7.79
87.82 2.35 7.37
89.54 0.89 5.98
87.62 -12.74 11.85
88.33 -15.88 14.47
88.92 -17.02 19.02
90.61 -12.38 15.88
90.88 3.05 11.90
86.50 6.97 25.39
86.98 6.35 26.46
87.99 3.24 23.57
96.67 1.31 4.62
100.00 -0.15 -0.01
100.00 -0.15 -0.01
100.00 -0.15 -0.01
99.85 -0.15 -0.01
93.36 -3.41 12.11
88.97 -6.10 21.81
89.06 -7.25 20.14
84.42 -9.13 35.55
87.12 -7.31 25.52
88.47 -6.00 23.66
88.85 -6.99 24.91
89.96 -0.98 17.81
85.70 4.70 32.17
88.23 6.37 19.97
79.64 21.73 17.57
86.72 8.67 17.49
84.50 6.10 28.78
88.11 2.62 17.25
86.68 -19.03 14.72
89.77 -14.78 14.62
91.46 -11.46 15.22
89.93 -9.39 14.00
91.20 -5.07 15.61
88.78 5.44 19.33
88.89 6.16 16.76
89.14 4.33 20.87
87.35 5.42 25.77
90.15 1.90 6.90
89.34 -0.87 5.95
82.97 -0.68 7.96
88.12 -4.30 8.30
89.42 -15.23 18.40
91.90 -12.28 11.87
89.64 -13.93 17.07
91.17 -7.23 18.76
88.02 2.53 23.22
91.22 3.39 15.52
88.26 8.04 12.90
90.24 5.70 14.13
89.15 3.86 17.77
99.58 -0.09 0.73
100.00 -0.15 -0.01
100.00 -0.15 -0.01
99.09 -0.33 1.86
85.79 -8.51 28.49
87.64 -8.14 22.43
90.93 -7.20 15.50
87.86 -6.24 23.15
90.76 -4.99 19.21
86.00 -6.42 27.17
87.96 -6.71 24.04
89.27 -3.50 19.13
90.26 3.86 17.04
89.67 4.51 17.18
85.75 6.93 29.70
88.34 5.23 19.04
89.04 1.21 13.57
88.06 1.50 9.27
88.42 -6.71 10.57
92.04 -8.01 10.37
88.21 -16.09 19.08
89.30 -7.97 21.17
84.76 -7.01 30.55
90.77 0.54 15.11
83.02 17.66 13.39
88.88 8.31 11.56
88.86 6.08 16.38
87.88 -1.02 8.32
86.65 1.72 4.70
87.93 1.08 7.51
90.03 -3.42 11.75
89.53 -10.08 18.00
89.72 -9.84 16.61
88.65 -1.77 16.23
85.60 9.30 25.38
90.26 3.76 18.03
86.86 6.95 23.56
86.11 8.37 20.62
88.70 5.10 19.21
89.24 4.08 19.62
98.24 0.80 1.56
100.00 -0.15 -0.01
99.84 -0.22 0.20
97.26 0.39 3.72
89.61 -1.10 19.67
89.66 -1.51 17.70
85.29 -10.22 30.77
90.01 -5.15 19.15
90.42 -3.63 14.82
91.28 -5.96 11.68
87.14 -18.81 17.84
90.05 -6.33 15.19
81.71 18.65 15.65
84.85 15.37 11.75
88.53 5.98 19.68
90.38 3.61 16.54
87.91 -0.39 4.12
87.57 -1.35 6.31
87.05 -1.19 7.09
80.65 4.80 14.57
89.41 -11.25 15.15
87.10 -9.21 24.66
84.15 -8.47 35.70
91.04 0.41 12.38
77.76 25.25 17.48
85.64 13.25 13.22
93.09 1.97 9.80
86.39 7.50 14.87
89.11 3.13 14.35
86.99 2.66 19.17
90.04 -3.07 16.89
89.30 -5.12 19.14
87.56 -5.79 22.36
90.08 1.84 20.77
85.72 6.74 30.51
90.41 2.93 16.24
86.99 6.44 26.08
90.38 5.31 15.93
90.33 2.59 16.12
91.46 2.34 12.12
95.35 0.48 4.69
99.99 -0.22 0.20
99.72 -0.08 0.25
88.94 3.01 16.77
84.92 6.25 26.81
91.64 0.44 15.12
88.22 -4.55 23.70
89.82 -5.58 22.68
85.05 -8.69 32.70
91.53 -7.54 14.16
86.62 -18.70 17.81
89.85 -3.75 14.64
78.95 22.04 16.99
81.41 19.43 14.86
89.27 4.36 17.95
89.05 4.93 11.11
85.77 0.34 5.23
86.56 -1.78 8.26
88.48 0.39 5.29
85.97 1.54 11.06
90.78 -6.04 13.72
89.72 -7.63 20.73
88.14 -4.92 23.58
91.73 -0.84 15.53
87.95 8.14 15.44
88.96 4.76 16.83
91.31 4.00 13.47
86.92 5.35 15.59
89.29 5.07 11.78
87.29 4.68 21.11
91.31 -4.03 11.17
89.08 -8.08 20.14
88.65 -4.94 21.38
89.53 2.70 12.39
89.59 8.12 11.03
83.21 16.46 15.13
86.84 5.95 24.29
88.33 7.00 17.67
84.55 5.44 27.96
87.97 5.37 18.15
90.96 1.58 13.52
99.60 0.07 0.30
99.45 0.06 0.78
90.84 2.69 13.69
88.70 5.20 18.17
90.15 4.52 13.66
88.96 3.88 17.14
88.90 -2.72 20.01
84.69 -8.43 31.76
89.70 -5.91 20.40
86.97 -8.22 27.27
89.14 -5.16 20.65
90.38 2.19 14.27
91.11 3.94 13.17
87.90 6.32 14.32
86.20 6.40 17.39
90.67 1.69 7.97
91.18 0.74 7.83
91.87 0.10 5.14
82.24 -1.19 8.25
85.87 -0.93 12.89
88.41 -7.42 25.79
85.56 -8.53 26.92
89.74 -0.48 19.53
85.31 7.84 28.25
88.41 4.38 21.98
91.08 3.33 9.78
87.51 6.38 13.75
87.77 4.61 16.80
84.54 6.39 27.56
89.19 -1.16 18.04
86.78 -7.39 28.24
88.30 -6.96 24.89
82.20 18.26 11.10
76.46 27.07 21.60
87.72 7.79 17.50
90.51 2.38 18.02
90.93 2.16 14.75
88.45 4.97 17.80
92.20 2.57 11.11
88.66 3.27 18.77
99.32 0.13 1.05
98.04 0.40 3.17
87.37 4.45 18.33
88.94 3.79 17.46
88.92 2.83 17.40
86.41 4.32 20.95
89.44 3.49 17.50
91.72 -0.08 15.53
90.12 -5.38 17.95
84.47 -8.58 32.37
86.71 -8.54 26.90
92.39 -0.79 12.81
87.03 5.99 14.05
90.02 5.00 11.60
88.75 5.99 12.27
88.89 3.84 14.71
91.13 -0.28 7.44
84.33 -2.15 8.90
89.05 -0.52 6.11
86.84 -3.95 14.92
84.49 -10.87 37.06
87.90 5.75 11.68
86.60 11.26 12.19
86.36 5.33 27.16
88.51 6.10 17.92
89.82 4.82 12.87
88.92 5.10 11.87
89.21 2.98 12.25
91.09 1.82 9.18
89.68 -1.57 10.96
88.53 -8.89 19.35
87.12 -4.35 23.28
87.03 3.75 18.89
86.54 10.69 15.51
91.02 4.27 13.98
87.26 5.29 22.57
86.04 3.18 25.45
90.10 2.85 11.67
89.18 4.14 16.13
84.65 5.40 23.13
98.01 0.41 2.17
97.68 0.35 1.91
89.01 3.16 18.23
86.58 4.91 23.12
92.11 2.26 10.39
90.33 2.49 17.10
88.02 3.85 18.55
88.62 3.88 19.42
89.77 -3.84 20.19
90.07 -6.45 17.52
90.94 -8.67 13.27
91.24 -8.11 14.04
89.55 4.52 12.15
84.63 12.60 13.12
87.94 7.27 15.07
84.68 5.04 28.56
90.77 3.16 6.40
88.09 -0.71 6.79
85.16 3.37 10.92
89.29 -3.88 15.12
90.43 -3.17 19.11
91.04 6.53 8.60
82.63 19.03 11.40
88.62 -2.18 18.92
92.45 -2.03 11.98
87.77 5.72 14.44
88.75 6.19 10.38
88.26 2.59 7.72
82.20 -1.28 7.14
90.22 -6.77 11.03
91.55 -11.89 15.34
90.39 -11.80 16.54
88.69 4.02 20.93
85.44 6.30 31.86
91.74 2.63 14.07
90.06 2.07 17.36
90.76 4.17 11.43
88.14 3.37 20.13
91.13 3.38 11.35
84.58 4.74 17.22
98.28 0.27 1.61
96.44 1.19 3.03
89.56 2.15 19.34
88.18 4.65 17.75
87.70 2.13 21.27
84.70 5.24 27.75
91.56 0.86 15.00
87.23 3.51 21.75
86.89 4.73 20.54
91.06 -8.92 13.45
90.27 -12.97 13.79
88.05 -15.71 16.43
90.26 -5.13 13.93
89.31 5.61 15.69
87.88 3.82 21.58
90.39 4.55 15.93
86.01 -2.55 8.07
87.39 1.61 4.28
88.29 -1.95 10.48
91.04 0.66 17.75
88.83 4.82 19.40
87.58 10.15 13.61
78.22 24.03 17.69
91.56 -0.74 14.66
87.99 -15.50 20.56
91.64 -3.43 12.26
88.45 8.01 12.85
85.76 10.37 11.95
87.96 0.37 7.23
88.83 -12.52 16.27
91.38 -12.62 14.47
91.55 -9.00 12.62
89.19 5.10 15.51
87.50 5.91 27.58
89.29 4.56 16.63
88.81 2.20 18.95
86.41 3.40 21.31
87.27 3.68 21.81
85.02 6.50 9.76
75.76 8.83 23.03
90.31 1.80 7.14
97.23 1.18 2.47
87.13 3.93 12.80
86.71 3.34 17.71
88.68 4.55 15.08
90.31 2.61 14.80
86.35 3.83 23.53
90.36 1.91 15.82
87.23 1.31 16.64
88.72 -11.94 13.79
91.31 -12.79 12.50
89.78 -13.25 17.62
90.62 -3.64 16.08
89.14 4.64 17.77
88.87 4.99 19.46
88.15 6.34 16.72
90.05 4.82 6.82
89.83 4.47 8.56
88.26 3.59 6.52
87.11 6.39 22.38
85.91 6.02 27.37
90.11 2.33 17.11
86.72 -3.75 25.83
87.33 -6.84 21.64
94.49 -5.76 9.73
90.54 -1.26 14.11
85.49 6.81 28.05
89.50 4.62 16.93
88.80 3.09 17.92
92.49 -4.21 11.11
91.52 -14.35 12.47
90.19 -6.75 9.77
90.42 3.32 13.08
86.40 4.70 26.40
88.49 4.15 19.23
87.59 4.41 19.71
89.56 4.30 14.72
89.93 2.85 12.36
85.03 3.66 11.42
85.30 4.74 12.53
96.86 0.87 2.89
97.11 0.66 2.04
76.33 7.08 21.36
80.07 7.89 18.69
89.71 3.36 13.94
88.47 4.39 15.77
88.66 2.81 14.35
90.75 1.47 5.76
86.97 3.65 8.65
88.75 -0.36 7.46
90.23 -9.49 12.54
86.21 -9.62 22.25
87.65 -0.45 18.27
89.09 5.36 16.69
85.45 9.06 31.51
88.64 6.04 15.38
88.08 8.17 11.98
85.32 8.71 18.75
88.45 7.24 12.19
88.77 6.22 19.33
91.78 -3.69 13.07
88.14 -7.61 23.52
89.36 -6.67 20.24
88.55 -6.66 25.25
85.79 -7.41 26.85
89.80 -0.22 19.97
85.38 9.13 27.13
88.58 4.28 22.22
87.36 4.14 20.83
91.29 -0.01 11.83
88.20 -13.80 14.65
89.37 -1.63 14.32
86.05 8.53 16.52
89.73 6.02 13.40
90.06 3.80 16.73
86.70 3.73 22.11
86.02 3.75 18.16
88.17 3.66 18.41
92.07 2.93 10.06
86.03 3.52 21.15
96.26 0.94 4.25
98.04 0.57 1.73
88.54 3.49 10.96
87.75 3.73 16.42
89.55 2.47 15.64
87.81 2.88 18.57
91.37 -0.03 7.80
82.45 -2.09 7.51
91.05 -1.27 5.30
87.51 -0.71 6.24
92.95 -5.26 10.88
91.25 -5.78 16.62
87.55 2.21 22.54
89.19 4.03 17.83
89.55 4.21 15.02
91.18 3.73 10.23
90.50 4.80 10.16
89.12 5.18 11.53
90.47 3.57 12.85
89.47 3.77 15.88
90.73 -9.69 13.27
87.08 -9.43 26.21
90.09 -5.47 17.57
86.88 -6.22 21.00
85.02 0.02 19.24
86.72 5.59 12.90
87.83 9.81 10.69
89.27 6.51 13.38
88.76 3.03 16.84
89.46 1.83 17.83
89.65 -11.63 13.22
91.70 -1.36 11.19
88.69 4.75 13.79
86.47 6.89 24.95
86.76 6.29 26.14
88.86 2.99 13.01
83.30 6.52 17.29
85.49 5.28 25.12
89.66 2.99 15.15
89.42 2.54 17.45
97.02 -0.17 5.36
97.63 0.70 3.30
85.97 7.43 24.25
89.78 3.29 17.99
86.71 6.35 22.95
91.34 3.44 12.27
89.98 4.17 9.99
88.35 1.93 9.71
86.81 0.49 6.46
81.97 -0.48 8.21
90.44 -5.36 8.07
90.98 -9.38 13.62
90.35 3.09 12.03
87.97 6.67 13.76
90.15 4.93 9.95
86.02 6.85 13.96
91.30 3.47 10.41
89.88 4.62 9.24
90.95 3.69 8.71
84.86 -0.47 7.72
85.14 -2.59 13.52
83.88 -6.53 31.60
85.66 -8.48 31.76
93.03 -3.64 14.59
78.85 7.00 14.81
78.19 6.57 22.12
84.52 15.84 11.27
75.82 30.21 16.13
87.68 4.95 18.44
91.45 0.66 12.06
91.50 -10.07 12.22
90.16 -0.93 10.14
87.01 6.48 17.15
86.80 6.79 22.71
86.30 6.19 24.70
89.39 2.21 10.92
82.15 6.29 16.78
88.38 3.73 18.72
91.75 2.92 11.35
89.13 2.02 18.03
96.28 0.23 4.78
98.52 0.56 2.20
88.22 5.18 22.83
91.45 2.89 14.58
86.34 5.02 30.04
90.04 4.67 15.75
85.87 6.82 16.94
88.81 4.58 12.34
86.49 1.48 8.54
85.43 -1.40 6.59
91.46 -2.82 6.44
87.83 -14.26 18.57
90.09 0.15 12.85
86.18 8.24 15.98
90.27 6.37 8.95
90.06 8.11 7.19
89.37 3.66 12.50
91.88 2.42 6.60
82.50 0.15 6.93
89.85 -1.03 5.82
87.21 -5.19 17.52
88.14 -5.74 22.82
91.05 -6.46 13.79
86.51 -9.83 20.03
92.16 1.77 9.58
90.36 3.28 10.83
86.86 6.68 17.29
84.31 15.58 14.50
86.75 5.93 20.00
90.22 -1.09 14.27
87.79 -17.29 18.45
91.37 1.27 10.76
88.60 8.02 10.83
82.33 18.33 15.78
85.98 12.00 13.68
89.60 5.44 13.51
89.39 3.23 17.76
87.10 4.91 19.02
89.44 3.59 16.50
85.23 3.48 21.92
97.21 0.84 4.41
99.70 -0.23 0.68
89.85 5.46 15.81
89.15 6.47 16.81
89.97 6.85 7.62
86.90 6.43 21.71
90.03 4.68 15.09
90.74 3.03 13.86
87.28 3.31 16.76
90.09 2.66 12.89
85.90 7.88 7.47
86.85 9.80 11.52
90.85 -0.95 16.80
87.83 5.23 22.27
82.75 18.29 14.49
86.96 11.99 11.40
88.43 5.31 13.41
89.12 3.89 15.70
90.54 1.65 10.46
82.69 -0.85 6.51
88.67 -3.61 18.28
91.09 -7.37 16.04
90.61 -13.78 12.69
86.90 -18.97 16.08
88.19 -13.06 16.35
87.66 4.87 18.04
89.30 4.44 18.33
85.70 6.88 27.51
88.46 4.54 22.79
92.22 -3.79 10.42
89.85 -13.57 15.40
90.85 0.22 13.64
87.41 10.80 8.50
80.07 21.56 16.53
88.60 6.64 16.01
91.09 2.07 14.34
89.54 3.15 16.63
86.83 4.42 12.04
90.32 3.56 14.20
91.81 1.58 11.41
99.16 0.05 1.27
99.88 -0.00 0.04
97.05 0.75 5.17
86.80 6.68 23.86
90.88 3.30 17.26
89.36 4.79 17.75
91.85 3.85 14.88
90.78 3.65 17.45
85.96 5.93 20.72
85.34 4.65 24.48
81.24 20.63 14.64
75.80 29.99 17.92
92.62 3.89 9.14
87.63 5.27 21.61
90.87 4.86 9.80
85.99 7.25 17.47
89.02 2.43 9.14
88.89 2.75 17.03
89.35 3.93 17.38
89.28 -1.08 13.23
89.52 -5.72 18.42
91.00 -10.88 12.71
91.13 -12.14 14.11
85.91 -20.39 16.04
86.18 -15.11 17.62
90.57 1.01 18.08
90.45 1.17 18.90
85.49 6.81 28.05
88.84 4.92 18.36
90.72 -9.89 14.50
87.06 -17.46 19.18
90.93 -5.90 11.48
87.45 7.48 17.45
90.38 4.56 15.27
85.57 7.76 31.63
88.93 5.15 20.24
85.05 3.47 23.65
88.26 3.21 18.53
84.80 5.70 27.48
93.09 2.07 8.95
99.85 -0.15 -0.01
99.71 -0.16 0.46
97.30 0.54 4.29
86.37 6.45 25.20
88.59 4.47 20.81
91.31 4.00 13.47
87.77 5.97 21.11
86.32 6.18 25.51
89.68 3.53 19.20
90.02 3.53 17.67
87.73 7.78 18.22
88.44 7.92 13.15
87.16 5.44 25.90
90.30 4.03 17.10
91.84 0.82 12.04
86.07 7.01 14.74
90.27 2.45 14.74
90.11 2.64 14.20
85.42 5.01 24.61
89.26 0.08 17.84
89.89 -9.42 20.58
88.76 -11.53 11.92
88.53 -15.43 19.90
89.98 -14.64 14.92
89.17 -9.83 15.82
87.47 3.78 20.61
84.99 4.02 24.79
92.43 1.87 12.63
90.73 4.09 11.09
89.23 -0.57 14.13
89.64 -12.88 15.76
90.15 1.74 16.50
85.74 6.73 31.40
89.83 5.27 17.11
87.81 5.82 24.51
91.79 2.04 14.13
88.80 2.10 19.28
89.82 3.66 16.06
87.34 5.16 18.66
96.57 0.85 4.46
100.00 -0.15 -0.01
100.00 -0.15 -0.01
99.45 0.06 0.78
85.64 13.35 12.19
88.21 6.49 17.49
86.30 7.11 24.33
90.71 4.06 18.68
88.06 5.28 23.34
89.75 3.77 20.35
88.41 6.36 19.16
85.91 6.62 30.76
90.52 3.23 18.39
86.09 6.61 29.73
89.71 -1.81 14.81
84.12 -21.18 17.49
92.65 -5.69 9.29
86.88 0.21 11.69
85.08 4.61 22.53
90.43 3.01 16.61
89.19 -6.59 20.00
84.62 -6.60 29.05
92.90 -7.89 10.19
88.88 -15.18 17.29
90.84 -13.77 15.23
88.51 -1.61 17.06
91.05 2.85 13.06
88.31 1.70 18.21
87.36 4.88 13.50
87.62 4.01 16.23
85.05 8.71 16.15
87.88 -3.74 17.48
90.66 -2.79 17.79
87.75 4.89 22.14
90.68 2.38 17.27
86.19 6.03 31.14
90.59 3.77 15.87
87.44 2.47 23.89
89.75 2.66 14.31
91.39 1.25 12.00
100.00 -0.15 -0.01
100.00 -0.15 -0.01
100.00 -0.15 -0.01
99.85 -0.15 -0.01
91.42 6.02 6.56
90.03 5.54 14.78
88.93 4.06 22.71
88.06 4.81 19.33
89.39 4.77 19.15
86.43 7.84 22.21
91.73 2.44 15.29
92.18 2.92 14.71
86.40 4.91 24.03
88.81 5.82 16.64
92.24 -0.52 11.40
87.83 -16.73 15.41
88.50 -16.26 17.76
89.23 -9.65 16.56
85.53 5.67 22.81
88.45 4.29 16.08
90.82 0.69 15.83
91.19 -9.96 13.00
90.61 -16.56 13.58
88.22 -14.04 18.09
91.71 -9.75 11.34
88.92 -8.89 12.22
82.65 -2.31 8.83
87.90 -0.02 8.37
88.07 5.54 12.23
86.93 11.03 11.34
90.75 3.97 13.27
90.01 -4.25 18.83
87.07 -15.00 15.03
89.08 -1.02 20.31
88.53 5.78 21.82
86.62 6.48 27.16
91.97 2.77 14.71
88.22 4.40 22.07
89.53 3.82 18.32
96.04 1.31 5.21
100.00 -0.15 -0.01
100.00 -0.15 -0.01
100.00 -0.15 -0.01
100.00 -0.15 -0.01
99.39 -0.32 1.37
89.68 4.81 14.90
85.76 8.86 28.49
91.55 4.33 12.91
88.10 5.45 23.40
92.34 2.19 13.41
85.89 5.82 29.01
89.34 3.95 16.69
90.74 1.87 17.03
89.71 4.22 13.64
91.10 -2.03 14.59
87.91 -11.07 18.75
90.16 -9.50 17.59
91.44 -6.91 12.21
87.60 4.92 15.20
91.77 1.12 14.08
88.53 3.54 18.58
89.78 -10.14 13.76
87.80 -15.33 18.51
87.32 -8.97 23.83
89.18 -0.79 6.31
89.10 -0.56 8.59
84.50 -0.39 8.85
90.10 1.99 11.96
91.03 2.98 10.89
89.57 5.92 15.75
85.47 7.64 28.05
89.17 -0.68 21.16
85.95 -19.13 15.77
87.60 -9.29 22.72
88.94 3.69 18.49
91.20 4.06 15.81
90.51 2.28 19.01
86.19 7.05 29.46
87.80 6.05 21.51
99.72 -0.08 0.25
100.00 -0.15 -0.01
100.00 -0.15 -0.01
100.00 -0.15 -0.01
100.00 -0.15 -0.01
100.00 -0.15 -0.01
97.20 0.85 3.89
89.60 3.19 19.08
90.44 2.89 18.27
85.74 7.86 28.43
89.52 4.60 18.32
87.70 5.30 25.11
91.62 2.05 14.18
85.09 5.10 27.87
88.44 4.98 17.10
87.15 -4.98 21.80
89.02 -4.80 20.14
86.14 -6.69 27.36
84.65 -7.51 29.94
89.60 2.53 17.38
88.57 3.72 18.64
84.76 5.29 30.00
88.64 -0.39 19.70
89.44 -5.39 20.03
87.49 -6.30 24.14
91.58 1.24 12.58
89.89 3.44 12.94
90.34 2.68 15.82
85.05 5.75 28.67
91.06 1.99 13.99
87.32 6.55 21.58
88.87 2.92 23.34
90.70 -0.02 17.59
88.44 -6.79 20.67
85.67 -6.92 25.89
92.73 -5.40 17.83
87.05 6.92 23.45
86.57 7.44 23.54
90.37 3.52 16.85
97.14 0.45 5.05
99.88 -0.00 0.04
100.00 -0.15 -0.01
100.00 -0.15 -0.01
100.00 -0.15 -0.01
100.00 -0.15 -0.01
100.00 -0.15 -0.01
99.72 -0.08 0.25
91.66 3.35 11.23
88.39 7.35 17.09
89.87 6.69 12.99
90.03 3.82 15.39
89.39 3.13 18.78
89.88 3.46 12.29
85.40 2.77 18.35
91.30 2.33 13.42
89.38 -2.27 21.07
87.43 -6.59 24.43
87.73 -5.87 22.61
86.04 -7.08 26.40
89.61 0.10 16.33
89.27 1.63 19.95
89.10 2.82 17.33
86.53 -6.64 27.09
86.58 -5.27 25.20
90.35 -0.68 16.08
89.41 2.75 14.79
84.98 5.81 24.41
88.86 4.23 18.04
86.39 4.33 20.19
88.77 7.91 11.08
85.17 12.57 18.26
86.69 6.36 22.17
89.29 2.50 20.34
87.63 -6.46 23.19
93.04 -4.94 12.20
85.65 -15.51 13.65
88.76 -0.38 25.32
88.81 4.84 17.98
97.89 0.39 3.68
99.85 -0.15 -0.01
100.00 -0.15 -0.01
100.00 -0.15 -0.01
100.00 -0.15 -0.01
100.00 -0.15 -0.01
100.00 -0.15 -0.01
100.00 -0.15 -0.01
100.00 -0.15 -0.01
99.72 -0.08 0.25
86.74 12.06 10.10
76.16 30.17 18.91
89.25 6.74 10.19
89.79 3.69 14.06
88.18 4.54 18.80
89.88 2.69 11.65
85.94 3.98 21.80
87.31 -5.50 25.83
83.85 -8.91 34.79
91.81 -6.97 13.65
87.85 -15.64 14.78
87.56 -4.74 20.91
88.01 -3.74 23.81
89.12 1.82 19.38
84.68 -9.31 29.94
84.51 -8.12 28.85
89.01 2.28 18.55
90.96 2.43 13.23
88.42 3.80 19.83
85.57 3.22 12.54
79.22 7.20 18.71
82.62 17.90 13.17
78.33 23.49 17.84
91.92 4.77 9.00
87.24 2.33 15.99
84.20 -10.31 36.68
87.82 -7.60 25.72
88.19 -9.81 20.25
87.56 -5.57 20.16
99.01 0.04 1.76
100.00 -0.15 -0.01
100.00 -0.15 -0.01
100.00 -0.15 -0.01
100.00 -0.15 -0.01
100.00 -0.15 -0.01
100.00 -0.15 -0.01
100.00 -0.15 -0.01
100.00 -0.15 -0.01
100.00 -0.15 -0.01
99.84 -0.22 0.20
94.98 3.41 4.45
86.49 11.85 10.38
89.89 6.03 12.05
90.79 2.13 16.78
88.93 3.49 19.85
91.32 1.67 12.51
89.51 2.09 17.57
91.28 -1.26 15.18
89.90 -4.90 19.66
90.17 -8.27 14.36
87.95 -15.13 15.28
89.10 -9.73 20.15
90.51 -2.73 18.91
86.39 2.37 22.02
88.66 2.13 12.70
84.51 0.28 21.61
84.26 3.81 12.02
86.50 5.79 19.27
85.38 5.55 26.60
91.05 1.25 12.72
85.80 5.42 19.00
85.99 9.44 22.78
88.30 6.72 19.37
86.83 6.87 23.14
89.38 4.22 15.76
89.39 -2.96 19.32
90.53 -0.58 15.05
85.05 -8.69 32.70
96.50 -1.01 4.83
100.00 -0.15 -0.01
100.00 -0.15 -0.01
100.00 -0.15 -0.01
100.00 -0.15 -0.01
100.00 -0.15 -0.01
100.00 -0.15 -0.01
100.00 -0.15 -0.01
100.00 -0.15 -0.01
100.00 -0.15 -0.01
100.00 -0.15 -0.01
100.00 -0.15 -0.01
100.00 -0.15 -0.01
99.73 -0.00 0.04
91.07 3.03 12.49
88.82 3.17 18.30
85.50 4.22 27.58
88.44 4.20 16.40
90.21 3.05 14.68
89.19 -0.38 18.74
88.75 -4.16 18.72
83.92 -9.51 34.39
91.15 -5.24 14.90
85.87 -8.75 25.32
84.31 -7.27 30.82
91.96 0.26 14.95
81.48 5.63 13.48
75.29 10.03 23.91
85.22 5.36 21.19
89.17 3.28 15.77
91.43 1.97 14.53
86.61 4.40 20.51
89.85 1.69 20.09
86.48 7.68 26.59
89.93 3.87 18.55
89.62 6.07 16.49
88.97 3.66 19.91
88.07 5.48 21.89
86.50 4.23 26.52
97.88 -0.45 4.14
99.71 -0.16 0.46
100.00 -0.15 -0.01
100.00 -0.15 -0.01
100.00 -0.15 -0.01
100.00 -0.15 -0.01
100.00 -0.15 -0.01
100.00 -0.15 -0.01
100.00 -0.15 -0.01
100.00 -0.15 -0.01
100.00 -0.15 -0.01
100.00 -0.15 -0.01
100.00 -0.15 -0.01
100.00 -0.15 -0.01
100.00 -0.15 -0.01
99.45 0.06 0.78
97.56 0.40 3.20
87.79 3.69 18.57
90.33 2.59 16.12
90.33 1.93 14.50
85.38 4.00 23.73
90.33 0.10 16.07
87.79 -7.80 26.45
88.05 -6.11 21.94
88.73 -5.27 19.71
90.14 -4.41 18.00
89.16 -0.14 15.35
91.91 1.45 9.50
87.37 3.97 14.51
88.67 3.37 17.73
89.25 2.54 18.21
85.03 4.82 28.20
89.76 4.94 16.99
88.98 6.58 16.57
87.99 9.59 11.25
86.64 6.89 23.25
91.49 2.31 14.00
85.82 7.08 31.53
90.55 4.36 16.48
95.26 0.41 8.53
99.84 -0.22 0.20
100.00 -0.15 -0.01
100.00 -0.15 -0.01
100.00 -0.15 -0.01
100.00 -0.15 -0.01
100.00 -0.15 -0.01
100.00 -0.15 -0.01
100.00 -0.15 -0.01
100.00 -0.15 -0.01
100.00 -0.15 -0.01
100.00 -0.15 -0.01
100.00 -0.15 -0.01
100.00 -0.15 -0.01
100.00 -0.15 -0.01
100.00 -0.15 -0.01
100.00 -0.15 -0.01
99.85 -0.15 -0.01
98.30 0.34 1.89
91.01 1.84 13.29
87.78 3.49 19.97
90.38 1.12 16.49
89.32 -4.45 22.35
89.43 -4.48 19.00
87.87 -6.14 22.80
92.15 -7.48 10.54
90.14 -14.35 11.68
89.92 -5.96 14.05
86.65 4.36 22.82
89.60 2.73 15.40
85.48 5.29 24.30
90.41 2.27 14.62
86.99 3.46 19.92
92.42 1.79 12.91
89.78 3.08 20.03
87.65 5.56 19.84
89.23 9.12 10.53
86.50 11.52 14.08
90.82 3.16 15.88
96.76 1.00 4.50
100.00 -0.15 -0.01
100.00 -0.15 -0.01
100.00 -0.15 -0.01
100.00 -0.15 -0.01
100.00 -0.15 -0.01
100.00 -0.15 -0.01
100.00 -0.15 -0.01
100.00 -0.15 -0.01
100.00 -0.15 -0.01
100.00 -0.15 -0.01
100.00 -0.15 -0.01
100.00 -0.15 -0.01
100.00 -0.15 -0.01
100.00 -0.15 -0.01
100.00 -0.15 -0.01
100.00 -0.15 -0.01
100.00 -0.15 -0.01
100.00 -0.15 -0.01
100.00 -0.15 -0.01
99.44 0.07 0.31
98.28 0.10 3.05
95.55 0.35 7.07
86.59 -5.55 18.77
87.19 -6.80 23.70
86.56 -8.14 24.71
87.74 -16.04 13.28
83.65 -28.43 19.35
88.47 -7.08 16.19
87.48 4.67 21.02
90.34 3.54 15.51
87.63 4.58 19.78
89.50 2.72 11.10
83.83 5.73 20.36
86.37 8.37 23.29
89.78 4.15 17.67
86.65 6.77 25.21
87.45 9.57 13.73
89.42 9.49 6.86
99.85 -0.15 -0.01
100.00 -0.15 -0.01
100.00 -0.15 -0.01
100.00 -0.15 -0.01
100.00 -0.15 -0.01
100.00 -0.15 -0.01
100.00 -0.15 -0.01
100.00 -0.15 -0.01
100.00 -0.15 -0.01
100.00 -0.15 -0.01
100.00 -0.15 -0.01
100.00 -0.15 -0.01
100.00 -0.15 -0.01
100.00 -0.15 -0.01
100.00 -0.15 -0.01
100.00 -0.15 -0.01
100.00 -0.15 -0.01
100.00 -0.15 -0.01
100.00 -0.15 -0.01
100.00 -0.15 -0.01
100.00 -0.15 -0.01
100.00 -0.15 -0.01
100.00 -0.15 -0.01
99.85 -0.15 -0.01
99.42 -0.09 0.73
96.68 -1.71 4.82
95.74 -2.56 6.77
95.95 -5.93 4.69
90.66 -12.57 12.17
88.80 -4.67 17.06
85.36 4.73 24.93
88.41 3.81 19.11
85.29 4.03 29.40
91.09 2.37 11.58
93.00 1.76 8.25
92.47 2.96 11.52
96.19 1.23 5.43
99.14 -0.11 1.70
99.85 -0.15 -0.01
99.87 -0.08 0.25
100.00 -0.15 -0.01
100.00 -0.15 -0.01
100.00 -0.15 -0.01
100.00 -0.15 -0.01
100.00 -0.15 -0.01
100.00 -0.15 -0.01
100.00 -0.15 -0.01
100.00 -0.15 -0.01
100.00 -0.15 -0.01
100.00 -0.15 -0.01
100.00 -0.15 -0.01
100.00 -0.15 -0.01
100.00 -0.15 -0.01
100.00 -0.15 -0.01
100.00 -0.15 -0.01
100.00 -0.15 -0.01
100.00 -0.15 -0.01
100.00 -0.15 -0.01
100.00 -0.15 -0.01
100.00 -0.15 -0.01
100.00 -0.15 -0.01
100.00 -0.15 -0.01
100.00 -0.15 -0.01
100.00 -0.15 -0.01
100.00 -0.15 -0.01
100.00 -0.15 -0.01
100.00 -0.15 -0.01
100.00 -0.15 -0.01
99.85 -0.15 -0.01
99.19 -0.55 1.54
97.89 0.57 2.23
98.03 0.49 1.95
96.00 0.38 5.40
99.41 -0.17 0.94
99.99 -0.22 0.20
99.99 -0.22 0.20
100.00 -0.15 -0.01
100.00 -0.15 -0.01
100.00 -0.15 -0.01
100.00 -0.15 -0.01
100.00 -0.15 -0.01
100.00 -0.15 -0.01
100.00 -0.15 -0.01
100.00 -0.15 -0.01
100.00 -0.15 -0.01
100.00 -0.15 -0.01
100.00 -0.15 -0.01
100.00 -0.15 -0.01
100.00 -0.15 -0.01
100.00 -0.15 -0.01
100.00 -0.15 -0.01


c2g completed in 0.154 seconds.
Saving Color2Gray + Chrominance
