243 243 243
243 243 243
243 243 243
243 243 243
243 243 243
243 243 243
243 243 243
243 243 243
243 243 243
243 243 243
243 243 243
243 243 243
243 243 243
239 240 240
238 234 236
237 232 233
217 204 180
224 187 144
219 200 174
255 199 131
218 194 169
240 202 165
224 202 178
185 166 156
184 171 163
244 242 239
242 242 242
243 243 243
243 243 243
243 243 243
243 243 243
243 243 243
243 243 243
243 243 243
243 243 243
243 243 243
243 243 243
243 243 243
243 243 243
243 243 243
243 243 243
243 243 243
243 243 243
243 243 243
243 243 243
243 243 243
243 243 243
243 243 243
243 243 243
243 243 243
243 243 243
242 242 242
226 216 216
255 173 164
249 170 164
232 177 150
249 194 139
245 205 163
249 194 144
255 201 132
235 192 144
255 202 111
255 196 134
186 139 104
208 150 116
234 186 137
214 192 173
216 204 195
235 229 224
241 241 241
243 243 243
243 243 243
243 243 243
243 243 243
243 243 243
243 243 243
243 243 243
243 243 243
243 243 243
243 243 243
243 243 243
243 243 243
243 243 243
243 243 243
243 243 243
243 243 243
243 243 243
243 243 243
243 243 243
243 242 238
198 177 161
219 194 172
234 173 151
255 92 78
255 166 149
255 190 140
255 201 113
228 186 145
255 199 136
255 194 138
243 188 146
241 188 144
246 194 143
252 188 141
208 174 143
255 198 122
231 190 134
255 198 118
214 180 143
198 175 162
240 238 236
243 243 243
243 243 243
243 243 243
243 243 243
243 243 243
243 243 243
243 243 243
243 243 243
243 243 243
243 243 243
243 243 243
243 243 243
243 243 243
243 243 243
243 243 243
243 243 243
242 241 242
225 217 211
222 197 172
255 200 118
253 193 128
194 164 137
249 138 92
245 182 141
197 180 138
220 191 132
255 210 165
255 198 128
255 199 142
255 174 142
255 116 110
250 186 147
255 203 122
243 194 143
233 188 139
211 170 136
227 186 140
239 204 160
255 193 125
226 202 154
214 209 185
241 241 241
243 243 243
243 243 243
243 243 243
243 243 243
243 243 243
243 243 243
243 243 243
243 243 243
243 243 243
243 243 243
243 243 243
243 243 243
243 243 243
242 242 242
242 238 234
255 193 145
255 198 132
242 188 139
230 187 140
203 173 139
222 180 140
235 190 137
136 168 129
98 165 95
224 188 137
255 201 135
229 184 148
255 180 168
255 122 109
237 179 154
250 211 157
226 183 143
241 189 142
255 197 122
255 197 122
216 181 149
253 212 159
211 198 101
192 187 102
244 240 226
243 243 240
243 243 243
243 243 243
243 243 243
243 243 243
243 243 243
243 243 243
243 243 243
243 243 243
243 243 243
243 243 243
243 243 243
243 243 243
221 202 192
255 196 133
251 195 141
255 195 138
240 190 138
215 173 139
255 198 119
239 192 137
255 198 122
181 176 131
145 169 114
184 182 102
216 203 143
254 208 163
255 194 139
255 183 164
255 190 148
255 198 122
232 187 141
230 188 141
234 189 137
243 190 135
247 190 138
253 198 124
170 175 117
188 186 108
200 191 102
212 202 143
242 243 240
243 243 243
243 243 243
243 243 243
243 243 243
243 243 243
243 243 243
243 243 243
243 243 243
243 243 243
243 243 243
194 192 181
238 208 153
255 202 117
255 200 134
255 201 133
255 194 138
247 196 142
252 194 136
236 198 165
237 188 136
217 179 141
235 201 119
215 203 98
192 189 103
230 191 142
255 197 129
255 194 141
255 206 120
246 194 144
255 194 129
255 195 124
239 205 160
255 190 129
216 182 144
228 205 151
105 164 100
137 171 88
214 205 95
206 188 111
228 199 165
238 236 232
243 243 243
243 243 243
243 243 243
243 243 243
243 243 243
243 243 243
243 243 243
243 243 243
224 221 209
189 177 128
215 205 139
252 210 160
244 183 143
242 181 148
255 196 137
255 200 133
244 189 137
255 197 122
228 188 137
255 199 126
199 183 117
200 195 106
166 176 121
209 201 143
244 203 164
255 201 134
255 198 124
255 181 156
250 185 144
243 191 133
241 204 161
233 188 143
242 190 135
237 191 131
178 196 140
153 172 131
188 184 109
223 203 164
255 196 137
210 197 191
242 242 242
243 243 243
243 243 243
243 243 243
243 243 243
243 243 243
243 243 243
242 242 241
177 177 141
225 214 91
186 180 115
244 194 135
255 200 122
255 203 130
255 201 116
247 192 144
255 197 134
231 181 134
224 171 134
255 191 133
213 201 147
228 207 98
178 176 113
199 186 102
242 206 162
255 193 142
246 187 148
255 193 136
227 181 146
252 197 127
246 191 132
255 200 120
233 187 141
240 206 160
214 200 102
192 186 110
205 190 111
255 204 122
255 197 137
239 181 138
222 210 199
238 240 238
243 243 243
243 243 243
243 243 243
243 243 243
241 241 241
143 168 143
117 167 97
182 179 124
184 178 119
204 187 122
236 193 138
244 191 139
253 209 163
253 191 142
255 204 112
218 175 136
208 162 126
190 177 122
208 201 97
192 198 144
165 195 126
205 199 146
223 181 147
255 196 134
255 192 139
255 201 121
253 208 163
202 174 136
190 170 138
224 170 132
219 174 137
208 199 154
171 176 112
201 199 144
184 179 122
255 199 138
251 194 141
248 198 137
234 199 165
236 232 225
243 243 243
243 243 243
243 243 243
243 243 243
225 225 215
142 172 117
116 166 99
181 180 112
192 182 121
220 210 94
208 190 111
251 196 138
255 201 128
255 195 143
255 184 145
232 179 143
252 191 129
226 186 140
172 179 126
163 189 145
123 170 93
170 176 104
214 194 116
255 204 115
255 197 133
246 193 139
255 200 128
185 165 142
154 151 127
184 161 141
177 163 146
128 163 117
121 166 110
125 168 100
161 193 130
214 178 144
255 200 126
255 203 125
255 202 130
223 207 192
243 243 243
243 243 243
243 243 243
241 241 241
203 198 154
189 184 112
176 178 111
221 211 93
192 187 104
197 188 110
197 191 108
211 186 129
255 207 110
255 196 138
255 149 123
255 188 142
255 200 116
227 184 133
109 165 106
127 168 112
165 194 133
151 170 120
201 200 143
255 196 139
253 190 143
255 200 137
255 204 127
186 165 146
169 163 144
161 151 128
157 163 134
132 170 104
135 169 122
136 170 108
198 202 133
255 202 129
255 213 163
246 181 150
242 187 148
243 192 139
240 238 236
243 243 243
243 243 243
237 235 227
195 191 98
175 178 104
189 198 139
191 184 109
213 205 136
204 192 104
192 186 107
197 182 120
246 195 143
247 192 142
255 203 117
255 193 138
204 175 135
187 164 138
152 164 127
169 190 147
127 167 100
176 180 109
215 201 101
214 185 138
255 182 160
243 179 152
251 189 143
172 163 137
172 156 144
179 162 140
175 171 132
157 174 112
155 173 115
194 176 125
255 197 127
250 197 143
255 198 130
255 192 135
255 195 139
254 197 138
225 217 212
243 243 243
242 242 241
220 210 197
217 190 127
206 183 127
193 195 94
189 182 119
184 177 128
168 176 134
114 166 99
170 175 123
255 175 148
255 183 164
255 196 139
241 193 143
163 158 145
164 160 140
166 160 138
187 145 110
143 169 114
175 180 100
225 211 93
201 178 139
255 123 105
255 185 158
225 196 165
243 178 140
220 180 138
232 185 129
193 180 125
186 179 117
190 182 109
249 202 136
255 204 115
235 191 142
255 202 126
250 193 147
231 189 140
216 183 147
192 181 166
244 244 243
240 239 238
231 187 137
255 198 121
237 206 155
206 190 113
200 190 115
214 206 97
184 196 142
114 165 99
181 175 127
255 139 116
255 172 148
248 193 140
215 172 143
165 155 140
166 160 134
171 160 145
187 162 131
170 176 128
178 181 111
203 189 112
229 205 152
255 187 147
244 189 141
255 207 165
232 178 136
221 175 144
255 194 132
174 174 135
171 177 110
195 184 114
209 175 139
241 179 153
255 183 154
255 199 128
255 192 143
255 199 117
250 190 138
214 182 141
238 236 235
239 237 234
222 184 143
252 192 140
231 183 145
240 189 139
205 185 121
211 202 97
187 182 115
194 190 101
191 183 115
219 183 140
232 188 149
238 180 142
244 181 134
189 167 145
185 168 145
176 166 151
157 149 125
180 163 125
197 192 106
186 185 98
222 191 129
255 200 119
255 200 134
206 172 146
234 177 142
237 184 136
255 198 118
209 184 127
205 196 103
196 190 108
255 176 162
255 109 85
255 190 143
243 198 142
227 189 144
248 190 139
234 199 164
242 192 136
238 234 230
230 221 210
241 186 133
240 190 138
233 188 136
249 190 129
241 192 139
235 207 154
183 180 120
212 204 97
189 188 100
219 200 156
230 175 139
222 177 146
228 176 145
226 181 139
179 168 145
160 156 128
170 162 143
172 166 119
216 213 89
220 172 142
255 182 156
255 203 122
255 192 141
227 180 145
220 174 143
209 174 139
195 170 144
180 169 135
164 174 109
202 186 111
237 185 131
255 187 150
255 208 165
255 198 131
255 200 123
209 175 141
237 187 140
255 189 123
222 215 208
209 203 197
241 192 137
255 197 128
210 180 149
236 192 140
242 189 135
249 194 136
200 185 120
176 178 119
174 193 141
180 195 141
220 176 143
255 181 154
250 185 145
255 201 116
191 165 149
170 161 140
194 161 132
181 174 125
226 208 141
221 173 153
255 179 165
203 183 122
209 197 155
233 179 140
220 171 146
187 162 142
155 149 128
157 169 129
163 194 132
166 194 129
255 199 135
255 205 111
249 208 163
232 191 138
219 178 146
248 194 134
215 178 146
221 169 123
219 214 208
202 189 180
241 195 135
244 189 137
243 195 130
255 199 118
240 207 157
252 195 130
252 191 131
173 193 140
135 169 117
124 166 105
173 174 127
246 189 145
255 198 132
245 192 145
161 159 133
171 157 146
174 166 133
252 214 154
255 196 138
255 186 153
255 130 108
226 203 153
133 169 98
201 196 152
246 182 150
252 177 151
175 161 140
139 168 110
157 192 133
171 192 142
241 187 143
255 207 124
243 190 141
237 192 134
246 191 128
254 196 130
207 160 138
181 118 73
186 166 146
210 198 191
211 170 135
228 181 130
232 182 140
224 185 141
255 197 127
225 187 139
211 177 128
136 166 115
133 169 120
141 172 109
191 182 128
248 192 140
255 196 139
251 188 142
199 164 148
203 167 146
188 160 145
255 197 132
255 201 121
233 191 139
220 196 112
179 177 107
185 196 157
196 178 133
255 201 119
246 191 142
238 190 136
193 194 153
127 169 119
153 167 131
220 181 143
255 202 123
249 193 136
250 192 134
233 185 143
211 176 141
197 161 131
208 165 132
204 194 185
202 194 188
177 121 78
206 143 101
222 181 141
234 184 139
216 178 136
181 164 148
193 161 139
174 163 140
147 169 123
162 171 99
209 181 125
248 190 142
255 202 113
245 186 144
242 178 150
255 185 136
236 178 147
255 196 140
202 197 150
184 183 106
180 179 112
200 192 109
194 187 101
226 193 129
255 198 122
255 202 134
252 194 132
197 177 140
129 165 111
190 174 129
255 184 141
239 184 148
242 192 142
253 195 129
227 178 127
240 189 135
211 179 150
243 189 127
214 200 186
216 209 203
205 169 140
228 181 134
225 185 138
235 188 132
182 169 145
153 150 127
168 165 147
167 160 140
188 194 152
200 200 139
249 198 128
245 192 139
234 185 142
211 175 147
215 173 147
220 174 144
221 181 144
235 187 141
168 192 139
180 184 99
182 179 120
179 175 108
204 173 116
220 171 137
247 177 155
240 183 147
231 186 136
230 190 135
137 167 117
189 176 140
226 178 141
255 199 127
255 202 125
211 174 138
222 163 120
255 197 123
226 184 140
234 190 137
225 214 195
225 214 203
255 196 128
243 194 139
255 196 130
223 184 149
208 171 144
191 166 139
171 158 140
159 148 125
155 166 136
171 193 139
213 177 143
238 180 144
214 172 147
231 173 137
211 176 147
207 169 145
202 169 146
166 156 133
171 162 120
221 203 100
212 204 99
209 202 149
185 134 102
190 132 84
255 183 165
254 102 94
247 189 136
204 179 142
164 191 141
182 170 138
248 185 138
255 196 131
255 198 126
199 170 139
211 155 115
244 191 136
236 199 164
232 190 135
213 202 186
233 225 217
255 201 133
253 210 163
255 206 116
242 190 144
242 178 134
219 175 141
181 160 136
161 156 136
165 167 144
134 167 102
198 175 136
253 182 141
218 171 150
221 168 155
215 175 141
191 168 150
161 149 130
169 164 145
173 170 114
194 185 110
188 196 144
156 169 103
200 175 147
208 173 143
250 185 138
255 185 157
255 190 133
197 178 133
121 166 99
199 175 143
236 176 151
255 180 152
255 185 155
234 182 146
240 192 139
246 188 133
236 189 140
242 187 123
227 213 198
242 241 238
247 190 145
255 192 145
214 167 151
255 195 133
239 187 144
225 185 144
225 180 132
214 178 141
210 159 146
249 178 152
233 207 149
255 199 133
255 182 157
255 183 160
227 177 141
233 185 140
197 171 141
157 150 131
191 178 120
189 198 138
129 168 118
111 165 103
135 166 108
244 187 136
250 194 140
255 201 121
255 202 133
193 193 154
134 169 112
204 180 138
242 172 157
255 155 131
252 188 144
245 207 160
234 189 139
210 168 136
227 184 143
227 198 161
237 233 228
242 242 242
230 215 197
255 198 129
255 219 162
250 193 141
255 214 166
255 220 162
255 189 130
255 196 124
255 170 149
255 102 89
232 194 168
255 197 133
215 174 148
250 182 135
193 166 141
231 187 136
243 191 140
189 172 131
181 178 117
161 190 138
158 191 134
105 165 102
126 163 101
255 215 154
255 218 154
255 201 119
252 193 139
171 194 136
121 166 97
164 173 132
255 189 141
241 190 145
255 203 112
255 198 138
252 193 123
239 190 134
255 199 119
221 193 166
241 241 241
241 240 239
226 214 199
255 199 126
255 198 136
255 207 165
255 197 135
255 200 125
250 197 139
245 194 141
255 192 142
247 182 149
255 203 126
247 195 144
226 199 159
236 175 137
222 184 140
221 183 141
255 196 124
217 186 131
168 179 109
134 165 119
133 170 100
129 168 112
152 171 115
249 193 132
255 196 122
238 204 163
216 177 146
195 175 131
137 169 111
226 188 138
255 204 113
252 193 143
255 203 130
245 207 161
238 193 134
236 188 141
248 188 135
219 205 190
243 243 243
243 243 243
239 237 234
255 183 160
255 190 141
255 198 128
255 223 162
255 202 132
255 201 138
255 194 140
255 204 114
255 221 160
255 204 117
192 176 129
102 162 96
179 190 153
185 165 130
252 189 124
238 193 142
180 179 113
210 196 102
170 190 149
129 167 105
152 191 129
199 178 125
221 183 145
227 187 132
220 173 137
229 181 134
250 177 137
184 173 118
223 206 143
255 199 133
255 216 159
255 206 114
241 193 146
255 201 127
220 182 140
206 179 143
243 243 243
243 243 243
243 243 243
241 241 241
208 167 153
243 188 146
255 204 134
252 193 136
255 197 140
255 195 132
255 212 162
255 213 165
255 198 127
250 189 143
215 197 158
119 166 107
125 167 102
155 172 114
255 193 127
235 185 139
241 208 154
166 192 139
120 169 114
135 168 104
163 190 143
146 166 121
155 151 124
177 163 138
222 173 142
255 180 157
228 184 146
193 183 121
124 164 108
220 190 126
255 201 136
255 203 123
255 212 164
255 200 133
247 194 139
219 201 185
243 243 243
243 243 243
243 243 243
243 243 243
240 238 233
238 186 144
255 200 120
255 206 167
255 202 132
245 207 163
255 203 118
239 189 140
255 214 157
227 181 143
216 200 149
150 170 106
162 177 115
181 194 146
230 179 137
238 205 159
242 191 136
146 169 119
129 167 101
174 179 101
170 163 143
177 165 139
168 156 130
205 174 140
209 176 145
249 190 146
255 200 120
227 194 126
109 164 103
168 176 102
245 193 137
255 215 165
255 222 157
255 204 118
255 198 135
240 239 238
243 243 243
243 243 243
243 243 243
243 243 243
243 243 243
224 211 198
247 196 138
248 200 143
255 201 120
252 195 141
255 204 128
245 207 161
255 201 118
244 188 139
191 180 110
191 182 116
203 193 104
208 198 100
234 190 137
244 192 136
255 202 114
220 189 127
188 181 116
194 186 108
231 200 159
218 179 142
230 188 141
255 201 117
222 187 144
255 196 134
255 205 132
244 212 151
179 178 110
192 185 102
209 205 140
255 198 131
255 197 130
243 194 143
228 215 197
242 242 242
243 243 243
243 243 243
243 243 243
243 243 243
243 243 243
240 239 238
219 182 150
255 191 144
242 184 150
234 187 142
244 194 137
215 176 142
219 175 123
242 204 161
214 190 122
193 186 107
191 183 110
195 187 102
211 183 132
239 195 133
234 189 137
204 193 104
204 189 108
207 183 133
221 182 138
255 194 124
245 191 138
245 188 129
237 177 151
255 189 145
255 195 131
247 198 135
189 183 108
194 197 151
118 162 109
249 206 124
249 192 139
232 221 208
241 241 241
243 243 243
243 243 243
243 243 243
243 243 243
243 243 243
243 243 243
243 243 243
240 239 238
255 178 160
255 104 90
225 173 149
226 182 142
248 191 136
207 174 140
250 191 127
208 193 109
218 208 93
185 196 144
122 165 109
190 179 112
213 192 115
237 194 134
194 193 95
196 191 97
236 192 135
218 183 144
250 195 135
200 164 130
196 138 96
255 180 159
255 131 109
215 175 152
215 176 130
217 212 90
193 189 105
160 174 106
182 176 111
237 233 226
243 243 243
243 243 243
243 243 243
243 243 243
243 243 243
243 243 243
243 243 243
243 243 243
243 243 243
242 242 241
216 189 178
255 178 159
232 180 148
255 214 158
250 196 136
212 181 144
231 190 136
224 203 151
192 183 118
158 173 122
125 165 108
163 176 108
229 209 142
243 193 126
204 173 136
216 179 115
196 159 128
251 187 133
255 199 121
208 180 141
241 181 128
255 195 133
255 195 140
255 197 131
237 187 142
201 184 122
204 181 134
214 206 97
209 204 186
243 243 243
243 243 243
243 243 243
243 243 243
243 243 243
243 243 243
243 243 243
243 243 243
243 243 243
243 243 243
243 243 243
243 243 243
239 238 238
219 182 145
240 191 136
255 202 119
236 185 138
226 185 141
218 188 129
189 179 118
213 206 93
198 198 144
178 180 99
213 201 100
236 207 156
195 148 117
183 114 70
250 186 126
229 185 139
246 207 160
248 190 130
243 198 135
255 201 125
250 196 140
254 192 145
252 197 137
255 199 135
255 203 122
230 223 207
241 240 239
243 243 243
243 243 243
243 243 243
243 243 243
243 243 243
243 243 243
243 243 243
243 243 243
243 243 243
243 243 243
243 243 243
243 243 243
243 243 243
239 237 234
222 212 201
240 188 134
231 189 140
218 183 139
255 195 124
212 184 134
195 191 104
187 181 110
186 179 115
189 181 122
203 178 131
197 173 145
219 175 135
238 189 137
237 192 136
255 201 117
249 192 143
255 191 145
249 179 154
255 197 130
246 206 161
255 204 113
250 197 147
225 206 176
242 242 241
243 243 243
243 243 243
243 243 243
243 243 243
243 243 243
243 243 243
243 243 243
243 243 243
243 243 243
243 243 243
243 243 243
243 243 243
243 243 243
243 243 243
243 243 243
241 241 241
226 219 213
215 182 142
246 193 133
223 188 137
204 189 116
190 180 119
190 183 109
173 190 148
125 168 120
169 173 125
255 196 128
225 184 139
255 196 125
221 184 140
241 189 130
239 205 163
251 199 137
255 193 136
245 179 155
255 186 154
255 213 162
222 207 192
243 243 243
243 243 243
243 243 243
243 243 243
243 243 243
243 243 243
243 243 243
243 243 243
243 243 243
243 243 243
243 243 243
243 243 243
243 243 243
243 243 243
243 243 243
243 243 243
243 243 243
243 243 243
243 243 243
234 232 231
233 225 214
219 203 179
174 170 110
188 183 106
181 181 101
118 165 112
83 166 90
165 171 117
255 195 133
235 189 143
251 192 134
203 171 140
234 173 118
255 196 131
247 194 141
255 200 127
255 184 151
227 168 157
241 241 241
243 243 243
243 243 243
243 243 243
243 243 243
243 243 243
243 243 243
243 243 243
243 243 243
243 243 243
243 243 243
243 243 243
243 243 243
243 243 243
243 243 243
243 243 243
243 243 243
243 243 243
243 243 243
243 243 243
243 243 243
243 243 243
243 243 243
241 241 241
237 235 232
206 205 186
202 202 175
162 182 160
133 168 120
180 175 119
255 197 123
246 193 136
255 204 115
209 177 144
199 175 151
240 202 166
222 204 187
238 234 228
241 241 241
243 242 241
243 243 243
243 243 243
243 243 243
243 243 243
243 243 243
243 243 243
243 243 243
243 243 243
243 243 243
243 243 243
243 243 243
243 243 243
243 243 243
243 243 243
243 243 243
243 243 243
243 243 243
243 243 243
243 243 243
243 243 243
243 243 243
243 243 243
243 243 243
243 243 243
243 243 243
243 243 243
243 243 243
243 243 243
241 241 241
236 235 228
221 213 205
221 214 207
214 202 183
238 236 232
244 244 243
244 244 243
243 243 243
243 243 243
243 243 243
243 243 243
243 243 243
243 243 243
243 243 243
243 243 243
243 243 243
243 243 243
243 243 243
243 243 243
243 243 243
243 243 243
243 243 243

